{"level":"DEBUG","location":"[get_call:140] fyersModel","message":{"Status Code":200,"API":"/quotes"},"timestamp":"2025-09-04 09:15:00,712+0530","service":"FyersAPIRequest"}
{"level":"DEBUG","location":"[get_call:140] fyersModel","message":{"Status Code":200,"API":"/history"},"timestamp":"2025-09-04 09:15:01,368+0530","service":"FyersAPIRequest"}
{"level":"DEBUG","location":"[get_call:140] fyersModel","message":{"Status Code":200,"API":"/history"},"timestamp":"2025-09-04 09:15:02,084+0530","service":"FyersAPIRequest"}
{"level":"DEBUG","location":"[get_call:140] fyersModel","message":{"Status Code":200,"API":"/quotes"},"timestamp":"2025-09-04 09:16:43,681+0530","service":"FyersAPIRequest"}
{"level":"DEBUG","location":"[get_call:140] fyersModel","message":{"Status Code":200,"API":"/history"},"timestamp":"2025-09-04 09:16:44,362+0530","service":"FyersAPIRequest"}
{"level":"DEBUG","location":"[get_call:140] fyersModel","message":{"Status Code":200,"API":"/history"},"timestamp":"2025-09-04 09:16:44,988+0530","service":"FyersAPIRequest"}
{"level":"DEBUG","location":"[post_call:81] fyersModel","message":{"Status Code":200,"API":"/orders/sync"},"timestamp":"2025-09-04 11:09:01,324+0530","service":"FyersAPIRequest"}
{"level":"DEBUG","location":"[post_call:81] fyersModel","message":{"Status Code":200,"API":"/orders/sync"},"timestamp":"2025-09-04 11:09:02,360+0530","service":"FyersAPIRequest"}
{"level":"DEBUG","location":"[delete_call:187] fyersModel","message":{"Status Code":200,"API":"/orders/sync"},"timestamp":"2025-09-04 11:30:01,082+0530","service":"FyersAPIRequest"}
{"level":"DEBUG","location":"[post_call:81] fyersModel","message":{"Status Code":200,"API":"/orders/sync"},"timestamp":"2025-09-04 11:30:01,830+0530","service":"FyersAPIRequest"}
{"level":"DEBUG","location":"[get_call:140] fyersModel","message":{"Status Code":200,"API":"/history"},"timestamp":"2025-09-04 13:02:56,846+0530","service":"FyersAPIRequest"}
{"level":"DEBUG","location":"[get_call:140] fyersModel","message":{"Status Code":200,"API":"/history"},"timestamp":"2025-09-04 13:02:57,476+0530","service":"FyersAPIRequest"}
{"level":"DEBUG","location":"[post_call:81] fyersModel","message":{"Status Code":200,"API":"/orders/sync"},"timestamp":"2025-09-04 13:24:01,421+0530","service":"FyersAPIRequest"}
{"level":"DEBUG","location":"[post_call:81] fyersModel","message":{"Status Code":200,"API":"/orders/sync"},"timestamp":"2025-09-04 13:24:02,007+0530","service":"FyersAPIRequest"}
{"level":"DEBUG","location":"[delete_call:187] fyersModel","message":{"Status Code":200,"API":"/orders/sync"},"timestamp":"2025-09-04 13:36:01,059+0530","service":"FyersAPIRequest"}
{"level":"DEBUG","location":"[post_call:81] fyersModel","message":{"Status Code":200,"API":"/orders/sync"},"timestamp":"2025-09-04 13:36:01,761+0530","service":"FyersAPIRequest"}
{"level":"DEBUG","location":"[post_call:81] fyersModel","message":{"Status Code":200,"API":"/orders/sync"},"timestamp":"2025-09-04 13:42:01,159+0530","service":"FyersAPIRequest"}
{"level":"DEBUG","location":"[post_call:81] fyersModel","message":{"Status Code":200,"API":"/orders/sync"},"timestamp":"2025-09-04 14:57:01,474+0530","service":"FyersAPIRequest"}
{"level":"DEBUG","location":"[post_call:81] fyersModel","message":{"Status Code":200,"API":"/orders/sync"},"timestamp":"2025-09-04 14:57:02,122+0530","service":"FyersAPIRequest"}
{"level":"DEBUG","location":"[get_call:140] fyersModel","message":{"Status Code":200,"API":"/quotes"},"timestamp":"2025-09-04 16:16:15,365+0530","service":"FyersAPIRequest"}
{"level":"DEBUG","location":"[get_call:140] fyersModel","message":{"Status Code":200,"API":"/history"},"timestamp":"2025-09-04 16:16:15,441+0530","service":"FyersAPIRequest"}
{"level":"DEBUG","location":"[get_call:140] fyersModel","message":{"Status Code":200,"API":"/history"},"timestamp":"2025-09-04 16:16:15,536+0530","service":"FyersAPIRequest"}
